2025-12-12 21:27:56,827 - INFO - user created successfully
2025-12-12 21:27:56,830 - INFO - user login successfully
2025-12-12 21:27:56,835 - INFO - user fetched by successfully
2025-12-12 21:27:56,840 - INFO - user updated successfully
2025-12-12 21:28:17,187 - INFO - user created successfully
2025-12-12 21:28:17,189 - INFO - user login successfully
2025-12-12 21:28:17,193 - INFO - user fetched by successfully
2025-12-12 21:28:17,199 - INFO - user updated successfully
2025-12-12 21:28:17,203 - INFO - user deleted successfully
2025-12-13 19:30:01,672 - INFO - user created successfully
2025-12-13 19:30:01,675 - INFO - user login successfully
2025-12-13 19:30:01,682 - INFO - user fetched by successfully
2025-12-13 19:30:01,690 - INFO - user updated successfully
2025-12-13 19:30:01,700 - INFO - user deleted successfully
2025-12-13 19:31:07,227 - INFO - user created successfully
2025-12-13 19:31:07,230 - INFO - user login successfully
2025-12-13 19:31:07,237 - INFO - user fetched by successfully
2025-12-13 19:31:07,243 - INFO - user updated successfully
2025-12-13 19:31:07,248 - INFO - user deleted successfully
2025-12-13 19:33:21,671 - INFO - user created successfully
2025-12-13 19:33:21,673 - INFO - user login successfully
2025-12-13 19:33:21,679 - INFO - user fetched by successfully
2025-12-13 19:33:21,684 - INFO - user updated successfully
2025-12-13 19:33:21,689 - INFO - user deleted successfully
2025-12-13 19:33:32,250 - INFO - user created successfully
2025-12-13 19:33:32,252 - INFO - user login successfully
2025-12-13 19:33:32,257 - INFO - user fetched by successfully
2025-12-13 19:33:32,264 - INFO - user updated successfully
2025-12-13 19:33:32,269 - INFO - user deleted successfully
2025-12-13 19:33:37,374 - INFO - user created successfully
2025-12-13 19:33:37,376 - INFO - user login successfully
2025-12-13 19:33:37,380 - INFO - user fetched by successfully
2025-12-13 19:33:37,386 - INFO - user updated successfully
2025-12-13 19:33:37,391 - INFO - user deleted successfully
2025-12-13 21:25:28,922 - INFO - user created successfully
2025-12-13 21:25:28,926 - INFO - user login successfully
2025-12-13 21:25:28,934 - INFO - user fetched by successfully
2025-12-13 21:25:28,943 - INFO - user updated successfully
2025-12-13 21:25:28,955 - INFO - user deleted successfully
2025-12-13 21:30:46,667 - INFO - user created successfully
2025-12-13 21:30:46,671 - INFO - user login successfully
2025-12-13 21:30:46,679 - INFO - user fetched by successfully
2025-12-13 21:30:46,687 - INFO - user updated successfully
2025-12-13 21:30:46,695 - INFO - user deleted successfully
2025-12-13 21:47:56,482 - INFO - user created successfully
2025-12-13 21:47:56,488 - INFO - user login successfully
2025-12-13 21:47:56,495 - INFO - user fetched by successfully
2025-12-13 21:47:56,503 - INFO - user updated successfully
2025-12-13 21:47:56,510 - INFO - user deleted successfully
2025-12-13 22:11:48,132 - INFO - user created successfully
2025-12-13 22:11:48,137 - INFO - user login successfully
2025-12-13 22:11:48,142 - INFO - user fetched by successfully
2025-12-13 22:11:48,149 - INFO - user updated successfully
2025-12-13 22:11:48,155 - INFO - user deleted successfully
2025-12-13 22:15:11,759 - INFO - user created successfully
2025-12-13 22:15:11,763 - INFO - user login successfully
2025-12-13 22:15:11,769 - INFO - user fetched by successfully
2025-12-13 22:15:11,774 - INFO - user updated successfully
2025-12-13 22:15:11,780 - INFO - user deleted successfully
2025-12-13 22:23:37,605 - INFO - user created successfully
2025-12-13 22:23:37,608 - INFO - user login successfully
2025-12-13 22:23:37,613 - INFO - user fetched by successfully
2025-12-13 22:23:37,619 - INFO - user updated successfully
2025-12-13 22:23:37,625 - INFO - user deleted successfully
2025-12-13 23:28:47,014 - INFO - user created successfully
2025-12-13 23:28:47,018 - INFO - user login successfully
2025-12-13 23:28:47,026 - INFO - user fetched by successfully
2025-12-13 23:28:47,035 - INFO - user updated successfully
2025-12-13 23:28:47,046 - INFO - user deleted successfully
2025-12-14 00:52:19,450 - INFO - user created successfully
2025-12-14 00:52:19,454 - INFO - user login successfully
2025-12-14 00:52:19,463 - INFO - user fetched by successfully
2025-12-14 00:52:19,470 - INFO - user updated successfully
2025-12-14 00:52:19,478 - INFO - user deleted successfully
2025-12-14 01:12:10,203 - INFO - user created successfully
2025-12-14 01:12:10,206 - INFO - user login successfully
2025-12-14 01:12:10,212 - INFO - user fetched by successfully
2025-12-14 01:12:10,219 - INFO - user updated successfully
2025-12-14 01:12:10,225 - INFO - user deleted successfully
2025-12-14 01:12:59,520 - INFO - user created successfully
2025-12-14 01:12:59,522 - INFO - user login successfully
2025-12-14 01:12:59,528 - INFO - user fetched by successfully
2025-12-14 01:12:59,534 - INFO - user updated successfully
2025-12-14 01:12:59,541 - INFO - user deleted successfully
2025-12-14 01:13:06,292 - INFO - user created successfully
2025-12-14 01:13:06,295 - INFO - user login successfully
2025-12-14 01:13:06,300 - INFO - user fetched by successfully
2025-12-14 01:13:06,307 - INFO - user updated successfully
2025-12-14 01:13:06,311 - INFO - user deleted successfully
2025-12-14 01:19:54,858 - INFO - user created successfully
2025-12-14 01:19:54,860 - INFO - user login successfully
2025-12-14 01:19:54,865 - INFO - user fetched by successfully
2025-12-14 01:19:54,872 - INFO - user updated successfully
2025-12-14 01:19:54,876 - INFO - user deleted successfully
2025-12-14 01:19:59,748 - INFO - user created successfully
2025-12-14 01:19:59,751 - INFO - user login successfully
2025-12-14 01:19:59,756 - INFO - user fetched by successfully
2025-12-14 01:19:59,761 - INFO - user updated successfully
2025-12-14 01:19:59,766 - INFO - user deleted successfully
2025-12-14 01:20:03,973 - INFO - user created successfully
2025-12-14 01:20:03,975 - INFO - user login successfully
2025-12-14 01:20:03,980 - INFO - user fetched by successfully
2025-12-14 01:20:03,985 - INFO - user updated successfully
2025-12-14 01:20:03,990 - INFO - user deleted successfully
2025-12-14 01:20:14,995 - INFO - user created successfully
2025-12-14 01:20:14,998 - INFO - user login successfully
2025-12-14 01:20:15,004 - INFO - user fetched by successfully
2025-12-14 01:20:15,009 - INFO - user updated successfully
2025-12-14 01:20:15,013 - INFO - user deleted successfully
2025-12-14 01:20:31,111 - INFO - user created successfully
2025-12-14 01:20:31,116 - INFO - user login successfully
2025-12-14 01:20:31,124 - INFO - user fetched by successfully
2025-12-14 01:20:31,132 - INFO - user updated successfully
2025-12-14 01:20:31,140 - INFO - user deleted successfully
2025-12-14 01:29:49,393 - INFO - user created successfully
2025-12-14 01:29:49,397 - INFO - user login successfully
2025-12-14 01:29:49,404 - INFO - user fetched by successfully
2025-12-14 01:29:49,411 - INFO - user updated successfully
2025-12-14 01:29:49,417 - INFO - user deleted successfully
2025-12-14 01:39:57,867 - INFO - user created successfully
2025-12-14 01:39:57,871 - INFO - user login successfully
2025-12-14 01:39:57,878 - INFO - user fetched by successfully
2025-12-14 01:39:57,886 - INFO - user updated successfully
2025-12-14 01:39:57,894 - INFO - user deleted successfully
