2025-12-12 21:32:05,564 - INFO - User Created Successfully
2025-12-12 21:32:05,566 - INFO - User Logged in Successfully
2025-12-12 21:32:05,573 - INFO - Product Created Successfully
2025-12-12 21:32:05,580 - INFO - Cart Created Successfully
2025-12-12 21:32:05,585 - INFO - Product add to Cart Successfully
2025-12-12 21:32:05,590 - INFO - Order Created Successfully
2025-12-12 21:32:05,595 - INFO - Order details fetched successfully
2025-12-12 21:32:20,977 - INFO - User Created Successfully
2025-12-12 21:32:20,979 - INFO - User Logged in Successfully
2025-12-12 21:32:20,987 - INFO - Product Created Successfully
2025-12-12 21:32:20,992 - INFO - Cart Created Successfully
2025-12-12 21:32:20,997 - INFO - Product add to Cart Successfully
2025-12-12 21:32:21,002 - INFO - Order Created Successfully
2025-12-12 21:32:21,008 - INFO - Order details fetched successfully
2025-12-13 19:30:02,143 - INFO - User Created Successfully
2025-12-13 19:30:02,150 - INFO - User Logged in Successfully
2025-12-13 19:30:02,162 - INFO - Product Created Successfully
2025-12-13 19:30:02,170 - INFO - Cart Created Successfully
2025-12-13 19:30:02,176 - INFO - Product add to Cart Successfully
2025-12-13 19:30:02,184 - INFO - Order Created Successfully
2025-12-13 19:30:02,191 - INFO - Order details fetched successfully
2025-12-13 19:31:07,631 - INFO - User Created Successfully
2025-12-13 19:31:07,633 - INFO - User Logged in Successfully
2025-12-13 19:31:07,644 - INFO - Product Created Successfully
2025-12-13 19:31:07,651 - INFO - Cart Created Successfully
2025-12-13 19:31:07,656 - INFO - Product add to Cart Successfully
2025-12-13 19:31:07,662 - INFO - Order Created Successfully
2025-12-13 19:31:07,667 - INFO - Order details fetched successfully
2025-12-13 19:33:22,093 - INFO - User Created Successfully
2025-12-13 19:33:22,096 - INFO - User Logged in Successfully
2025-12-13 19:33:22,105 - INFO - Product Created Successfully
2025-12-13 19:33:22,111 - INFO - Cart Created Successfully
2025-12-13 19:33:22,116 - INFO - Product add to Cart Successfully
2025-12-13 19:33:22,122 - INFO - Order Created Successfully
2025-12-13 19:33:22,126 - INFO - Order details fetched successfully
2025-12-13 19:33:32,671 - INFO - User Created Successfully
2025-12-13 19:33:32,674 - INFO - User Logged in Successfully
2025-12-13 19:33:32,683 - INFO - Product Created Successfully
2025-12-13 19:33:32,689 - INFO - Cart Created Successfully
2025-12-13 19:33:32,694 - INFO - Product add to Cart Successfully
2025-12-13 19:33:32,700 - INFO - Order Created Successfully
2025-12-13 19:33:32,705 - INFO - Order details fetched successfully
2025-12-13 19:33:37,773 - INFO - User Created Successfully
2025-12-13 19:33:37,775 - INFO - User Logged in Successfully
2025-12-13 19:33:37,783 - INFO - Product Created Successfully
2025-12-13 19:33:37,788 - INFO - Cart Created Successfully
2025-12-13 19:33:37,793 - INFO - Product add to Cart Successfully
2025-12-13 19:33:37,798 - INFO - Order Created Successfully
2025-12-13 19:33:37,803 - INFO - Order details fetched successfully
2025-12-13 21:25:29,548 - INFO - User Created Successfully
2025-12-13 21:25:29,552 - INFO - User Logged in Successfully
2025-12-13 21:25:29,565 - INFO - Product Created Successfully
2025-12-13 21:25:29,572 - INFO - Cart Created Successfully
2025-12-13 21:25:29,579 - INFO - Product add to Cart Successfully
2025-12-13 21:25:29,588 - INFO - Order Created Successfully
2025-12-13 21:25:29,595 - INFO - Order details fetched successfully
2025-12-13 21:30:47,276 - INFO - User Created Successfully
2025-12-13 21:30:47,281 - INFO - User Logged in Successfully
2025-12-13 21:30:47,293 - INFO - Product Created Successfully
2025-12-13 21:30:47,301 - INFO - Cart Created Successfully
2025-12-13 21:30:47,308 - INFO - Product add to Cart Successfully
2025-12-13 21:30:47,316 - INFO - Order Created Successfully
2025-12-13 21:30:47,323 - INFO - Order details fetched successfully
2025-12-13 21:47:57,063 - INFO - User Created Successfully
2025-12-13 21:47:57,067 - INFO - User Logged in Successfully
2025-12-13 21:47:57,082 - INFO - Product Created Successfully
2025-12-13 21:47:57,089 - INFO - Cart Created Successfully
2025-12-13 21:47:57,097 - INFO - Product add to Cart Successfully
2025-12-13 21:47:57,106 - INFO - Order Created Successfully
2025-12-13 21:47:57,113 - INFO - Order details fetched successfully
2025-12-13 22:11:48,565 - INFO - User Created Successfully
2025-12-13 22:11:48,568 - INFO - User Logged in Successfully
2025-12-13 22:11:48,577 - INFO - Product Created Successfully
2025-12-13 22:11:48,584 - INFO - Cart Created Successfully
2025-12-13 22:11:48,591 - INFO - Product add to Cart Successfully
2025-12-13 22:11:48,597 - INFO - Order Created Successfully
2025-12-13 22:11:48,602 - INFO - Order details fetched successfully
2025-12-13 22:15:12,199 - INFO - User Created Successfully
2025-12-13 22:15:12,202 - INFO - User Logged in Successfully
2025-12-13 22:15:12,212 - INFO - Product Created Successfully
2025-12-13 22:15:12,218 - INFO - Cart Created Successfully
2025-12-13 22:15:12,224 - INFO - Product add to Cart Successfully
2025-12-13 22:15:12,232 - INFO - Order Created Successfully
2025-12-13 22:15:12,237 - INFO - Order details fetched successfully
2025-12-13 22:23:38,128 - INFO - User Created Successfully
2025-12-13 22:23:38,131 - INFO - User Logged in Successfully
2025-12-13 22:23:38,140 - INFO - Product Created Successfully
2025-12-13 22:23:38,146 - INFO - Cart Created Successfully
2025-12-13 22:23:38,151 - INFO - Product add to Cart Successfully
2025-12-13 22:23:38,157 - INFO - Order Created Successfully
2025-12-13 22:23:38,162 - INFO - Order details fetched successfully
2025-12-13 23:28:47,645 - INFO - User Created Successfully
2025-12-13 23:28:47,649 - INFO - User Logged in Successfully
2025-12-13 23:28:47,664 - INFO - Product Created Successfully
2025-12-13 23:28:47,673 - INFO - Cart Created Successfully
2025-12-13 23:28:47,681 - INFO - Product add to Cart Successfully
2025-12-13 23:28:47,692 - INFO - Order Created Successfully
2025-12-13 23:28:47,700 - INFO - Order details fetched successfully
2025-12-14 00:52:20,011 - INFO - User Created Successfully
2025-12-14 00:52:20,015 - INFO - User Logged in Successfully
2025-12-14 00:52:20,027 - INFO - Product Created Successfully
2025-12-14 00:52:20,035 - INFO - Cart Created Successfully
2025-12-14 00:52:20,042 - INFO - Product add to Cart Successfully
2025-12-14 00:52:20,051 - INFO - Order Created Successfully
2025-12-14 00:52:20,058 - INFO - Order details fetched successfully
2025-12-14 01:12:10,599 - INFO - User Created Successfully
2025-12-14 01:12:10,606 - INFO - User Logged in Successfully
2025-12-14 01:12:10,616 - INFO - Product Created Successfully
2025-12-14 01:12:10,621 - INFO - Cart Created Successfully
2025-12-14 01:12:10,626 - INFO - Product add to Cart Successfully
2025-12-14 01:12:10,632 - INFO - Order Created Successfully
2025-12-14 01:12:10,637 - INFO - Order details fetched successfully
2025-12-14 01:12:59,925 - INFO - User Created Successfully
2025-12-14 01:12:59,928 - INFO - User Logged in Successfully
2025-12-14 01:12:59,937 - INFO - Product Created Successfully
2025-12-14 01:12:59,944 - INFO - Cart Created Successfully
2025-12-14 01:12:59,949 - INFO - Product add to Cart Successfully
2025-12-14 01:12:59,955 - INFO - Order Created Successfully
2025-12-14 01:12:59,960 - INFO - Order details fetched successfully
2025-12-14 01:13:06,709 - INFO - User Created Successfully
2025-12-14 01:13:06,711 - INFO - User Logged in Successfully
2025-12-14 01:13:06,721 - INFO - Product Created Successfully
2025-12-14 01:13:06,727 - INFO - Cart Created Successfully
2025-12-14 01:13:06,733 - INFO - Product add to Cart Successfully
2025-12-14 01:13:06,740 - INFO - Order Created Successfully
2025-12-14 01:13:06,745 - INFO - Order details fetched successfully
2025-12-14 01:19:55,220 - INFO - User Created Successfully
2025-12-14 01:19:55,223 - INFO - User Logged in Successfully
2025-12-14 01:19:55,232 - INFO - Product Created Successfully
2025-12-14 01:19:55,238 - INFO - Cart Created Successfully
2025-12-14 01:19:55,243 - INFO - Product add to Cart Successfully
2025-12-14 01:19:55,248 - INFO - Order Created Successfully
2025-12-14 01:19:55,253 - INFO - Order details fetched successfully
2025-12-14 01:20:00,129 - INFO - User Created Successfully
2025-12-14 01:20:00,131 - INFO - User Logged in Successfully
2025-12-14 01:20:00,141 - INFO - Product Created Successfully
2025-12-14 01:20:00,147 - INFO - Cart Created Successfully
2025-12-14 01:20:00,152 - INFO - Product add to Cart Successfully
2025-12-14 01:20:00,158 - INFO - Order Created Successfully
2025-12-14 01:20:00,163 - INFO - Order details fetched successfully
2025-12-14 01:20:04,343 - INFO - User Created Successfully
2025-12-14 01:20:04,346 - INFO - User Logged in Successfully
2025-12-14 01:20:04,356 - INFO - Product Created Successfully
2025-12-14 01:20:04,362 - INFO - Cart Created Successfully
2025-12-14 01:20:04,368 - INFO - Product add to Cart Successfully
2025-12-14 01:20:04,374 - INFO - Order Created Successfully
2025-12-14 01:20:04,379 - INFO - Order details fetched successfully
2025-12-14 01:20:15,361 - INFO - User Created Successfully
2025-12-14 01:20:15,364 - INFO - User Logged in Successfully
2025-12-14 01:20:15,373 - INFO - Product Created Successfully
2025-12-14 01:20:15,379 - INFO - Cart Created Successfully
2025-12-14 01:20:15,384 - INFO - Product add to Cart Successfully
2025-12-14 01:20:15,390 - INFO - Order Created Successfully
2025-12-14 01:20:15,395 - INFO - Order details fetched successfully
2025-12-14 01:20:31,664 - INFO - User Created Successfully
2025-12-14 01:20:31,669 - INFO - User Logged in Successfully
2025-12-14 01:20:31,681 - INFO - Product Created Successfully
2025-12-14 01:20:31,688 - INFO - Cart Created Successfully
2025-12-14 01:20:31,697 - INFO - Product add to Cart Successfully
2025-12-14 01:20:31,705 - INFO - Order Created Successfully
2025-12-14 01:20:31,712 - INFO - Order details fetched successfully
2025-12-14 01:29:49,910 - INFO - User Created Successfully
2025-12-14 01:29:49,915 - INFO - User Logged in Successfully
2025-12-14 01:29:49,928 - INFO - Product Created Successfully
2025-12-14 01:29:49,937 - INFO - Cart Created Successfully
2025-12-14 01:29:49,945 - INFO - Product add to Cart Successfully
2025-12-14 01:29:49,953 - INFO - Order Created Successfully
2025-12-14 01:29:49,960 - INFO - Order details fetched successfully
2025-12-14 01:39:58,389 - INFO - User Created Successfully
2025-12-14 01:39:58,393 - INFO - User Logged in Successfully
2025-12-14 01:39:58,405 - INFO - Product Created Successfully
2025-12-14 01:39:58,415 - INFO - Cart Created Successfully
2025-12-14 01:39:58,423 - INFO - Product add to Cart Successfully
2025-12-14 01:39:58,433 - INFO - Order Created Successfully
2025-12-14 01:39:58,441 - INFO - Order details fetched successfully
