2025-12-12 21:37:03,547 - INFO - All orders fetched successfully
2025-12-12 21:37:03,553 - INFO - Order Schema verified successfully
2025-12-12 21:38:07,954 - INFO - Order by ID updated successfully
2025-12-12 21:38:32,974 - INFO - Order summary retrieved successfully
2025-12-13 19:30:02,279 - INFO - All orders fetched successfully
2025-12-13 19:30:02,290 - INFO - Order Schema verified successfully
2025-12-13 19:30:02,318 - INFO - Order by ID retrieved successfully
2025-12-13 19:30:02,330 - INFO - Order by ID updated successfully
2025-12-13 19:30:02,340 - INFO - Order summary retrieved successfully
2025-12-13 19:31:07,746 - INFO - All orders fetched successfully
2025-12-13 19:31:07,754 - INFO - Order Schema verified successfully
2025-12-13 19:31:07,771 - INFO - Order created successfully
2025-12-13 19:31:07,780 - INFO - Order by ID retrieved successfully
2025-12-13 19:31:07,791 - INFO - Order by ID updated successfully
2025-12-13 19:31:07,800 - INFO - Order summary retrieved successfully
2025-12-13 19:33:22,200 - INFO - All orders fetched successfully
2025-12-13 19:33:22,207 - INFO - Order Schema verified successfully
2025-12-13 19:33:22,236 - INFO - Order by ID retrieved successfully
2025-12-13 19:33:22,247 - INFO - Order by ID updated successfully
2025-12-13 19:33:22,257 - INFO - Order summary retrieved successfully
2025-12-13 19:33:32,792 - INFO - All orders fetched successfully
2025-12-13 19:33:32,800 - INFO - Order Schema verified successfully
2025-12-13 19:33:32,828 - INFO - Order by ID retrieved successfully
2025-12-13 19:33:32,838 - INFO - Order by ID updated successfully
2025-12-13 19:33:32,849 - INFO - Order summary retrieved successfully
2025-12-13 19:33:37,885 - INFO - All orders fetched successfully
2025-12-13 19:33:37,892 - INFO - Order Schema verified successfully
2025-12-13 19:33:37,920 - INFO - Order by ID retrieved successfully
2025-12-13 19:33:37,933 - INFO - Order by ID updated successfully
2025-12-13 19:33:37,945 - INFO - Order summary retrieved successfully
2025-12-13 21:06:19,504 - INFO - Order created successfully
2025-12-13 21:25:29,708 - INFO - All orders fetched successfully
2025-12-13 21:25:29,716 - INFO - Order Schema verified successfully
2025-12-13 21:25:29,756 - INFO - Order by ID retrieved successfully
2025-12-13 21:25:29,770 - INFO - Order by ID updated successfully
2025-12-13 21:25:29,783 - INFO - Order summary retrieved successfully
2025-12-13 21:25:49,442 - INFO - Order by ID updated successfully
2025-12-13 21:25:58,084 - INFO - Order by ID updated successfully
2025-12-13 21:26:02,604 - INFO - Order by ID updated successfully
2025-12-13 21:26:06,492 - INFO - Order by ID updated successfully
2025-12-13 21:26:13,352 - INFO - Order by ID updated successfully
2025-12-13 21:26:16,690 - INFO - Order by ID updated successfully
2025-12-13 21:26:18,382 - INFO - Order by ID updated successfully
2025-12-13 21:26:20,172 - INFO - Order by ID updated successfully
2025-12-13 21:26:21,768 - INFO - Order by ID updated successfully
2025-12-13 21:26:23,277 - INFO - Order by ID updated successfully
2025-12-13 21:30:47,423 - INFO - All orders fetched successfully
2025-12-13 21:30:47,431 - INFO - Order Schema verified successfully
2025-12-13 21:30:47,476 - INFO - Order by ID retrieved successfully
2025-12-13 21:30:47,493 - INFO - Order by ID updated successfully
2025-12-13 21:30:47,510 - INFO - Order summary retrieved successfully
2025-12-13 21:31:08,543 - INFO - Order created successfully
2025-12-13 21:46:42,977 - INFO - Order created successfully
2025-12-13 21:47:49,734 - INFO - Order created successfully
2025-12-13 21:47:52,836 - INFO - Order created successfully
2025-12-13 21:47:57,210 - INFO - All orders fetched successfully
2025-12-13 21:47:57,222 - INFO - Order Schema verified successfully
2025-12-13 21:47:57,265 - INFO - Order by ID retrieved successfully
2025-12-13 21:47:57,278 - INFO - Order by ID updated successfully
2025-12-13 21:47:57,291 - INFO - Order summary retrieved successfully
2025-12-13 22:11:48,676 - INFO - All orders fetched successfully
2025-12-13 22:11:48,690 - INFO - Order Schema verified successfully
2025-12-13 22:11:48,723 - INFO - Order by ID retrieved successfully
2025-12-13 22:11:48,733 - INFO - Order by ID updated successfully
2025-12-13 22:11:48,742 - INFO - Order summary retrieved successfully
2025-12-13 22:15:12,305 - INFO - All orders fetched successfully
2025-12-13 22:15:12,314 - INFO - Order Schema verified successfully
2025-12-13 22:15:12,351 - INFO - Order by ID retrieved successfully
2025-12-13 22:15:12,364 - INFO - Order by ID updated successfully
2025-12-13 22:15:12,375 - INFO - Order summary retrieved successfully
2025-12-13 22:23:38,226 - INFO - All orders fetched successfully
2025-12-13 22:23:38,234 - INFO - Order Schema verified successfully
2025-12-13 22:23:38,327 - INFO - Order by ID retrieved successfully
2025-12-13 22:23:38,337 - INFO - Order by ID updated successfully
2025-12-13 22:23:38,346 - INFO - Order summary retrieved successfully
2025-12-13 23:28:30,886 - INFO - Order created successfully
2025-12-13 23:28:47,791 - INFO - All orders fetched successfully
2025-12-13 23:28:47,803 - INFO - Order Schema verified successfully
2025-12-13 23:28:47,834 - INFO - Order created successfully
2025-12-13 23:28:47,850 - INFO - Order by ID retrieved successfully
2025-12-13 23:28:47,863 - INFO - Order by ID updated successfully
2025-12-13 23:28:47,877 - INFO - Order summary retrieved successfully
2025-12-14 00:52:20,152 - INFO - All orders fetched successfully
2025-12-14 00:52:20,162 - INFO - Order Schema verified successfully
2025-12-14 00:52:20,209 - INFO - Order by ID retrieved successfully
2025-12-14 00:52:20,223 - INFO - Order by ID updated successfully
2025-12-14 00:52:20,240 - INFO - Order summary retrieved successfully
2025-12-14 01:12:10,702 - INFO - All orders fetched successfully
2025-12-14 01:12:10,711 - INFO - Order Schema verified successfully
2025-12-14 01:12:10,739 - INFO - Order by ID retrieved successfully
2025-12-14 01:12:10,750 - INFO - Order by ID updated successfully
2025-12-14 01:12:10,760 - INFO - Order summary retrieved successfully
2025-12-14 01:13:00,028 - INFO - All orders fetched successfully
2025-12-14 01:13:00,034 - INFO - Order Schema verified successfully
2025-12-14 01:13:00,069 - INFO - Order by ID retrieved successfully
2025-12-14 01:13:00,079 - INFO - Order by ID updated successfully
2025-12-14 01:13:00,090 - INFO - Order summary retrieved successfully
2025-12-14 01:13:06,815 - INFO - All orders fetched successfully
2025-12-14 01:13:06,823 - INFO - Order Schema verified successfully
2025-12-14 01:13:06,864 - INFO - Order by ID retrieved successfully
2025-12-14 01:13:06,874 - INFO - Order by ID updated successfully
2025-12-14 01:13:06,882 - INFO - Order summary retrieved successfully
2025-12-14 01:19:55,315 - INFO - All orders fetched successfully
2025-12-14 01:19:55,323 - INFO - Order Schema verified successfully
2025-12-14 01:19:55,344 - INFO - Order created successfully
2025-12-14 01:19:55,354 - INFO - Order by ID retrieved successfully
2025-12-14 01:19:55,367 - INFO - Order by ID updated successfully
2025-12-14 01:19:55,379 - INFO - Order summary retrieved successfully
2025-12-14 01:20:00,228 - INFO - All orders fetched successfully
2025-12-14 01:20:00,234 - INFO - Order Schema verified successfully
2025-12-14 01:20:00,254 - INFO - Order created successfully
2025-12-14 01:20:00,264 - INFO - Order by ID retrieved successfully
2025-12-14 01:20:00,274 - INFO - Order by ID updated successfully
2025-12-14 01:20:00,284 - INFO - Order summary retrieved successfully
2025-12-14 01:20:04,450 - INFO - All orders fetched successfully
2025-12-14 01:20:04,458 - INFO - Order Schema verified successfully
2025-12-14 01:20:04,476 - INFO - Order created successfully
2025-12-14 01:20:04,487 - INFO - Order by ID retrieved successfully
2025-12-14 01:20:04,499 - INFO - Order by ID updated successfully
2025-12-14 01:20:04,509 - INFO - Order summary retrieved successfully
2025-12-14 01:20:15,460 - INFO - All orders fetched successfully
2025-12-14 01:20:15,466 - INFO - Order Schema verified successfully
2025-12-14 01:20:15,485 - INFO - Order created successfully
2025-12-14 01:20:15,495 - INFO - Order by ID retrieved successfully
2025-12-14 01:20:15,506 - INFO - Order by ID updated successfully
2025-12-14 01:20:15,519 - INFO - Order summary retrieved successfully
2025-12-14 01:20:31,803 - INFO - All orders fetched successfully
2025-12-14 01:20:31,814 - INFO - Order Schema verified successfully
2025-12-14 01:20:31,844 - INFO - Order created successfully
2025-12-14 01:20:31,861 - INFO - Order by ID retrieved successfully
2025-12-14 01:20:31,878 - INFO - Order by ID updated successfully
2025-12-14 01:20:31,893 - INFO - Order summary retrieved successfully
2025-12-14 01:29:50,048 - INFO - All orders fetched successfully
2025-12-14 01:29:50,058 - INFO - Order Schema verified successfully
2025-12-14 01:29:50,083 - INFO - Order created successfully
2025-12-14 01:29:50,096 - INFO - Order by ID retrieved successfully
2025-12-14 01:29:50,109 - INFO - Order by ID updated successfully
2025-12-14 01:29:50,122 - INFO - Order summary retrieved successfully
2025-12-14 01:39:58,538 - INFO - All orders fetched successfully
2025-12-14 01:39:58,546 - INFO - Order Schema verified successfully
2025-12-14 01:39:58,573 - INFO - Order created successfully
2025-12-14 01:39:58,587 - INFO - Order by ID retrieved successfully
2025-12-14 01:39:58,601 - INFO - Order by ID updated successfully
2025-12-14 01:39:58,615 - INFO - Order summary retrieved successfully
