2025-12-12 21:44:39,801 - INFO - Product created successfully
2025-12-12 21:44:39,803 - INFO - Product retrieved successfully
2025-12-12 21:44:39,809 - INFO - Product updated successfully
2025-12-12 21:44:39,814 - INFO - Product deleted successfully
2025-12-12 21:45:02,677 - INFO - Product created successfully
2025-12-12 21:45:02,679 - INFO - Product retrieved successfully: {'name': 'Michael Horton', 'price': 10.0, 'category': 'Baby Wear', 'stock': 84364, 'description': 'Career of majority next save.', 'imageUrl': None, 'isActive': True, 'tags': [], 'rating': 0.0, 'id': 41, 'createdAt': '2024-01-15'}
2025-12-12 21:45:02,684 - INFO - Product updated successfully
2025-12-12 21:45:02,689 - INFO - Product deleted successfully
2025-12-13 19:30:02,615 - INFO - Product created successfully
2025-12-13 19:30:02,618 - INFO - Product retrieved successfully: {'name': 'Jeff Davis', 'price': 33.0, 'category': 'Accessories', 'stock': 18926, 'description': 'They miss institution bag future. Traditional commercial tree subject hard event professional.', 'imageUrl': None, 'isActive': True, 'tags': [], 'rating': 0.0, 'id': 44, 'createdAt': '2024-01-15'}
2025-12-13 19:30:02,625 - INFO - Product updated successfully
2025-12-13 19:30:02,630 - INFO - Product deleted successfully
2025-12-13 19:31:08,068 - INFO - Product created successfully
2025-12-13 19:31:08,070 - INFO - Product retrieved successfully: {'name': 'Scott Griffin', 'price': 52.0, 'category': 'Accessories', 'stock': 28704, 'description': 'Bar article expert job financial.', 'imageUrl': None, 'isActive': True, 'tags': [], 'rating': 0.0, 'id': 47, 'createdAt': '2024-01-15'}
2025-12-13 19:31:08,077 - INFO - Product updated successfully
2025-12-13 19:31:08,081 - INFO - Product deleted successfully
2025-12-13 19:33:22,517 - INFO - Product created successfully
2025-12-13 19:33:22,520 - INFO - Product retrieved successfully: {'name': 'Matthew Colon', 'price': 16.0, 'category': "Men's Wear", 'stock': 33318, 'description': 'Fund finally score population.', 'imageUrl': None, 'isActive': True, 'tags': [], 'rating': 0.0, 'id': 50, 'createdAt': '2024-01-15'}
2025-12-13 19:33:22,527 - INFO - Product updated successfully
2025-12-13 19:33:22,533 - INFO - Product deleted successfully
2025-12-13 19:33:33,101 - INFO - Product created successfully
2025-12-13 19:33:33,104 - INFO - Product retrieved successfully: {'name': 'Scott Hayes', 'price': 84.0, 'category': "Men's Wear", 'stock': 58084, 'description': 'Behavior much guy eat by ability. Food actually radio determine attorney risk home.', 'imageUrl': None, 'isActive': True, 'tags': [], 'rating': 0.0, 'id': 53, 'createdAt': '2024-01-15'}
2025-12-13 19:33:33,111 - INFO - Product updated successfully
2025-12-13 19:33:33,117 - INFO - Product deleted successfully
2025-12-13 19:33:38,195 - INFO - Product created successfully
2025-12-13 19:33:38,198 - INFO - Product retrieved successfully: {'name': 'Gregory Wagner', 'price': 59.0, 'category': "Men's Wear", 'stock': 48424, 'description': 'Toward point crime PM. Along west factor.', 'imageUrl': None, 'isActive': True, 'tags': [], 'rating': 0.0, 'id': 56, 'createdAt': '2024-01-15'}
2025-12-13 19:33:38,205 - INFO - Product updated successfully
2025-12-13 19:33:38,211 - INFO - Product deleted successfully
2025-12-13 21:25:30,146 - INFO - Product created successfully
2025-12-13 21:25:30,150 - INFO - Product retrieved successfully: {'name': 'Morgan Greer', 'price': 24.0, 'category': 'Smart Technologies', 'stock': 56734, 'description': 'Less group three test write with. Ahead deep see individual weight daughter new.', 'imageUrl': None, 'isActive': True, 'tags': [], 'rating': 0.0, 'id': 59, 'createdAt': '2024-01-15'}
2025-12-13 21:25:30,160 - INFO - Product updated successfully
2025-12-13 21:25:30,167 - INFO - Product deleted successfully
2025-12-13 21:30:47,877 - INFO - Product created successfully
2025-12-13 21:30:47,880 - INFO - Product retrieved successfully: {'name': 'Betty Hale', 'price': 73.0, 'category': "Men's Wear", 'stock': 97756, 'description': 'Car as describe.', 'imageUrl': None, 'isActive': True, 'tags': [], 'rating': 0.0, 'id': 62, 'createdAt': '2024-01-15'}
2025-12-13 21:30:47,890 - INFO - Product updated successfully
2025-12-13 21:30:47,897 - INFO - Product deleted successfully
2025-12-13 21:47:57,672 - INFO - Product created successfully
2025-12-13 21:47:57,679 - INFO - Product retrieved successfully: {'name': 'Debra Young', 'price': 48.0, 'category': 'Smart Technologies', 'stock': 48025, 'description': 'Professional tonight its.', 'imageUrl': None, 'isActive': True, 'tags': [], 'rating': 0.0, 'id': 65, 'createdAt': '2024-01-15'}
2025-12-13 21:47:57,688 - INFO - Product updated successfully
2025-12-13 21:47:57,695 - INFO - Product deleted successfully
2025-12-13 22:11:49,013 - INFO - Product created successfully
2025-12-13 22:11:49,020 - INFO - Product retrieved successfully: {'name': 'Heather Wright', 'price': 4.0, 'category': 'Smart Technologies', 'stock': 14486, 'description': 'Wind trade employee industry really. Major quite party chair.', 'imageUrl': None, 'isActive': True, 'tags': [], 'rating': 0.0, 'id': 68, 'createdAt': '2024-01-15'}
2025-12-13 22:11:49,028 - INFO - Product updated successfully
2025-12-13 22:11:49,034 - INFO - Product deleted successfully
2025-12-13 22:15:12,657 - INFO - Product created successfully
2025-12-13 22:15:12,659 - INFO - Product retrieved successfully: {'name': 'Brandon Ashley', 'price': 84.0, 'category': 'Baby Wear', 'stock': 92384, 'description': 'Pretty field performance. Mean clear probably away level.', 'imageUrl': None, 'isActive': True, 'tags': [], 'rating': 0.0, 'id': 71, 'createdAt': '2024-01-15'}
2025-12-13 22:15:12,666 - INFO - Product updated successfully
2025-12-13 22:15:12,673 - INFO - Product deleted successfully
2025-12-13 22:23:38,605 - INFO - Product created successfully
2025-12-13 22:23:38,608 - INFO - Product retrieved successfully: {'name': 'Kelsey Randolph', 'price': 69.0, 'category': 'Baby Wear', 'stock': 53063, 'description': 'I social its road report half yet. Data yet hard analysis religious.', 'imageUrl': None, 'isActive': True, 'tags': [], 'rating': 0.0, 'id': 74, 'createdAt': '2024-01-15'}
2025-12-13 22:23:38,614 - INFO - Product updated successfully
2025-12-13 22:23:38,619 - INFO - Product deleted successfully
2025-12-13 23:28:48,246 - INFO - Product created successfully
2025-12-13 23:28:48,253 - INFO - Product retrieved successfully: {'name': 'Danielle Clark', 'price': 19.0, 'category': "Men's Wear", 'stock': 24895, 'description': 'Task final expert southern open kitchen. Station amount increase dog beat set.', 'imageUrl': None, 'isActive': True, 'tags': [], 'rating': 0.0, 'id': 77, 'createdAt': '2024-01-15'}
2025-12-13 23:28:48,263 - INFO - Product updated successfully
2025-12-13 23:28:48,274 - INFO - Product deleted successfully
2025-12-14 00:52:20,592 - INFO - Product created successfully
2025-12-14 00:52:20,595 - INFO - Product retrieved successfully: {'name': 'Luis Adams', 'price': 2.0, 'category': "Men's Wear", 'stock': 2171, 'description': 'Fast happy study might. True focus believe.', 'imageUrl': None, 'isActive': True, 'tags': [], 'rating': 0.0, 'id': 80, 'createdAt': '2024-01-15'}
2025-12-14 00:52:20,604 - INFO - Product updated successfully
2025-12-14 00:52:20,613 - INFO - Product deleted successfully
2025-12-14 01:12:11,016 - INFO - Product created successfully
2025-12-14 01:12:11,022 - INFO - Product retrieved successfully: {'name': 'Alexis Ibarra', 'price': 60.0, 'category': 'Baby Wear', 'stock': 93441, 'description': 'Off also store tonight fall quite.', 'imageUrl': None, 'isActive': True, 'tags': [], 'rating': 0.0, 'id': 83, 'createdAt': '2024-01-15'}
2025-12-14 01:12:11,029 - INFO - Product updated successfully
2025-12-14 01:12:11,035 - INFO - Product deleted successfully
2025-12-14 01:13:00,358 - INFO - Product created successfully
2025-12-14 01:13:00,361 - INFO - Product retrieved successfully: {'name': 'Brenda Smith', 'price': 87.0, 'category': 'Smart Technologies', 'stock': 61951, 'description': 'Us policy paper executive bed leave work.', 'imageUrl': None, 'isActive': True, 'tags': [], 'rating': 0.0, 'id': 86, 'createdAt': '2024-01-15'}
2025-12-14 01:13:00,367 - INFO - Product updated successfully
2025-12-14 01:13:00,372 - INFO - Product deleted successfully
2025-12-14 01:13:07,134 - INFO - Product created successfully
2025-12-14 01:13:07,137 - INFO - Product retrieved successfully: {'name': 'Alison Compton', 'price': 10.0, 'category': "Men's Wear", 'stock': 97020, 'description': 'Dog similar speak business live letter. Once catch live first along role smile.', 'imageUrl': None, 'isActive': True, 'tags': [], 'rating': 0.0, 'id': 89, 'createdAt': '2024-01-15'}
2025-12-14 01:13:07,145 - INFO - Product updated successfully
2025-12-14 01:13:07,150 - INFO - Product deleted successfully
2025-12-14 01:19:55,644 - INFO - Product created successfully
2025-12-14 01:19:55,647 - INFO - Product retrieved successfully: {'name': 'Joanne Hodges', 'price': 37.0, 'category': 'Smart Technologies', 'stock': 80781, 'description': 'Series nice throw eye.', 'imageUrl': None, 'isActive': True, 'tags': [], 'rating': 0.0, 'id': 92, 'createdAt': '2024-01-15'}
2025-12-14 01:19:55,653 - INFO - Product updated successfully
2025-12-14 01:19:55,658 - INFO - Product deleted successfully
2025-12-14 01:20:00,536 - INFO - Product created successfully
2025-12-14 01:20:00,539 - INFO - Product retrieved successfully: {'name': 'Daniel Daugherty', 'price': 80.0, 'category': "Men's Wear", 'stock': 19207, 'description': 'Provide great with first six hospital necessary. Apply wonder detail detail budget.', 'imageUrl': None, 'isActive': True, 'tags': [], 'rating': 0.0, 'id': 95, 'createdAt': '2024-01-15'}
2025-12-14 01:20:00,546 - INFO - Product updated successfully
2025-12-14 01:20:00,552 - INFO - Product deleted successfully
2025-12-14 01:20:04,773 - INFO - Product created successfully
2025-12-14 01:20:04,776 - INFO - Product retrieved successfully: {'name': 'Judy Knight', 'price': 4.0, 'category': "Men's Wear", 'stock': 92647, 'description': 'Today little end tell decade.', 'imageUrl': None, 'isActive': True, 'tags': [], 'rating': 0.0, 'id': 98, 'createdAt': '2024-01-15'}
2025-12-14 01:20:04,789 - INFO - Product updated successfully
2025-12-14 01:20:04,799 - INFO - Product deleted successfully
2025-12-14 01:20:15,792 - INFO - Product created successfully
2025-12-14 01:20:15,796 - INFO - Product retrieved successfully: {'name': 'Antonio Whitney', 'price': 47.0, 'category': "Men's Wear", 'stock': 63564, 'description': 'Lose car common mouth.', 'imageUrl': None, 'isActive': True, 'tags': [], 'rating': 0.0, 'id': 101, 'createdAt': '2024-01-15'}
2025-12-14 01:20:15,806 - INFO - Product updated successfully
2025-12-14 01:20:15,814 - INFO - Product deleted successfully
2025-12-14 01:20:32,253 - INFO - Product created successfully
2025-12-14 01:20:32,257 - INFO - Product retrieved successfully: {'name': 'Frank Cruz', 'price': 85.0, 'category': 'Accessories', 'stock': 68973, 'description': 'All situation their financial stand interest reason by.', 'imageUrl': None, 'isActive': True, 'tags': [], 'rating': 0.0, 'id': 104, 'createdAt': '2024-01-15'}
2025-12-14 01:20:32,266 - INFO - Product updated successfully
2025-12-14 01:20:32,274 - INFO - Product deleted successfully
2025-12-14 01:29:50,580 - INFO - Product created successfully
2025-12-14 01:29:50,583 - INFO - Product retrieved successfully: {'name': 'Nathan Rhodes', 'price': 38.0, 'category': 'Smart Technologies', 'stock': 17122, 'description': 'Present dark away toward others serve.', 'imageUrl': None, 'isActive': True, 'tags': [], 'rating': 0.0, 'id': 107, 'createdAt': '2024-01-15'}
2025-12-14 01:29:50,594 - INFO - Product updated successfully
2025-12-14 01:29:50,603 - INFO - Product deleted successfully
2025-12-14 01:39:58,964 - INFO - Product created successfully
2025-12-14 01:39:58,967 - INFO - Product retrieved successfully: {'name': 'Mr. John Steele', 'price': 54.0, 'category': 'Smart Technologies', 'stock': 76564, 'description': 'Follow energy civil window civil consumer move.', 'imageUrl': None, 'isActive': True, 'tags': [], 'rating': 0.0, 'id': 110, 'createdAt': '2024-01-15'}
2025-12-14 01:39:58,976 - INFO - Product updated successfully
2025-12-14 01:39:58,983 - INFO - Product deleted successfully
2025-12-18 00:49:32,975 - INFO - Product created successfully
2025-12-18 00:49:32,978 - INFO - Product retrieved successfully: {'name': 'Mary Taylor', 'price': 96.0, 'category': 'Smart Technologies', 'stock': 38340, 'description': 'Training process bed dark.', 'imageUrl': None, 'isActive': True, 'tags': [], 'rating': 0.0, 'id': 9, 'createdAt': '2024-01-15'}
2025-12-18 00:49:32,986 - INFO - Product updated successfully
2025-12-18 00:49:32,991 - INFO - Product deleted successfully
2025-12-18 00:51:56,659 - INFO - Product created successfully
2025-12-18 00:51:56,661 - INFO - Product retrieved successfully: {'name': 'Stephanie Johnson', 'price': 16.0, 'category': 'Accessories', 'stock': 21437, 'description': 'From they let once executive those.', 'imageUrl': None, 'isActive': True, 'tags': [], 'rating': 0.0, 'id': 12, 'createdAt': '2024-01-15'}
2025-12-18 00:51:56,668 - INFO - Product updated successfully
2025-12-18 00:51:56,673 - INFO - Product deleted successfully
2025-12-18 00:52:16,874 - INFO - Product created successfully
2025-12-18 00:52:16,877 - INFO - Product retrieved successfully: {'name': 'Andrea Thomas', 'price': 59.0, 'category': 'Baby Wear', 'stock': 43430, 'description': 'Teach despite fly fund view several.', 'imageUrl': None, 'isActive': True, 'tags': [], 'rating': 0.0, 'id': 15, 'createdAt': '2024-01-15'}
2025-12-18 00:52:16,885 - INFO - Product updated successfully
2025-12-18 00:52:16,890 - INFO - Product deleted successfully
2025-12-18 00:52:20,971 - INFO - Product created successfully
2025-12-18 00:52:20,974 - INFO - Product retrieved successfully: {'name': 'Melissa Gamble', 'price': 48.0, 'category': 'Baby Wear', 'stock': 7998, 'description': 'Evidence traditional we candidate.', 'imageUrl': None, 'isActive': True, 'tags': [], 'rating': 0.0, 'id': 18, 'createdAt': '2024-01-15'}
2025-12-18 00:52:20,981 - INFO - Product updated successfully
2025-12-18 00:52:20,987 - INFO - Product deleted successfully
2025-12-18 00:52:27,156 - INFO - Product created successfully
2025-12-18 00:52:27,158 - INFO - Product retrieved successfully: {'name': 'Brooke Garcia', 'price': 89.0, 'category': 'Smart Technologies', 'stock': 56233, 'description': 'Sort chance moment middle especially audience. Hear dog tonight drive conference him.', 'imageUrl': None, 'isActive': True, 'tags': [], 'rating': 0.0, 'id': 21, 'createdAt': '2024-01-15'}
2025-12-18 00:52:27,165 - INFO - Product updated successfully
2025-12-18 00:52:27,170 - INFO - Product deleted successfully
2025-12-18 00:53:37,952 - INFO - Product created successfully
2025-12-18 00:53:37,955 - INFO - Product retrieved successfully: {'name': 'Richard Turner', 'price': 9.0, 'category': 'Baby Wear', 'stock': 8048, 'description': 'By inside meet total.', 'imageUrl': None, 'isActive': True, 'tags': [], 'rating': 0.0, 'id': 24, 'createdAt': '2024-01-15'}
2025-12-18 00:53:37,962 - INFO - Product updated successfully
2025-12-18 00:53:37,966 - INFO - Product deleted successfully
2025-12-18 00:53:43,753 - INFO - Product created successfully
2025-12-18 00:53:43,757 - INFO - Product retrieved successfully: {'name': 'Mary Lucero', 'price': 57.0, 'category': 'Accessories', 'stock': 72647, 'description': 'Environmental billion professional coach however relationship style.', 'imageUrl': None, 'isActive': True, 'tags': [], 'rating': 0.0, 'id': 27, 'createdAt': '2024-01-15'}
2025-12-18 00:53:43,765 - INFO - Product updated successfully
2025-12-18 00:53:43,770 - INFO - Product deleted successfully
2025-12-18 00:54:07,716 - INFO - Product created successfully
2025-12-18 00:54:07,719 - INFO - Product retrieved successfully: {'name': 'Brooke Woods', 'price': 35.0, 'category': 'Smart Technologies', 'stock': 59175, 'description': 'Half late sit. Sea suddenly half approach single.', 'imageUrl': None, 'isActive': True, 'tags': [], 'rating': 0.0, 'id': 30, 'createdAt': '2024-01-15'}
2025-12-18 00:54:07,726 - INFO - Product updated successfully
2025-12-18 00:54:07,732 - INFO - Product deleted successfully
2025-12-18 00:54:17,330 - INFO - Product created successfully
2025-12-18 00:54:17,332 - INFO - Product retrieved successfully: {'name': 'Kimberly Lawson', 'price': 81.0, 'category': 'Accessories', 'stock': 20312, 'description': 'Half particularly land.', 'imageUrl': None, 'isActive': True, 'tags': [], 'rating': 0.0, 'id': 33, 'createdAt': '2024-01-15'}
2025-12-18 00:54:17,340 - INFO - Product updated successfully
2025-12-18 00:54:17,346 - INFO - Product deleted successfully
2025-12-18 00:54:47,736 - INFO - Product created successfully
2025-12-18 00:54:47,738 - INFO - Product retrieved successfully: {'name': 'Gregory Mendez', 'price': 9.0, 'category': 'Smart Technologies', 'stock': 39913, 'description': 'Allow rate magazine page far. Billion only pressure community since network let.', 'imageUrl': None, 'isActive': True, 'tags': [], 'rating': 0.0, 'id': 36, 'createdAt': '2024-01-15'}
2025-12-18 00:54:47,746 - INFO - Product updated successfully
2025-12-18 00:54:47,752 - INFO - Product deleted successfully
2025-12-18 00:55:57,010 - INFO - Product created successfully
2025-12-18 00:55:57,013 - INFO - Product retrieved successfully: {'name': 'Taylor Klein', 'price': 12.0, 'category': 'Smart Technologies', 'stock': 40337, 'description': 'Pull we good kind television mean guess own. None picture animal food.', 'imageUrl': None, 'isActive': True, 'tags': [], 'rating': 0.0, 'id': 39, 'createdAt': '2024-01-15'}
2025-12-18 00:55:57,020 - INFO - Product updated successfully
2025-12-18 00:55:57,026 - INFO - Product deleted successfully
2025-12-18 00:56:00,905 - INFO - Product created successfully
2025-12-18 00:56:00,908 - INFO - Product retrieved successfully: {'name': 'Tracy Tucker', 'price': 92.0, 'category': 'Smart Technologies', 'stock': 42873, 'description': 'Surface base worry trade term your pressure. Network enough form fire.', 'imageUrl': None, 'isActive': True, 'tags': [], 'rating': 0.0, 'id': 42, 'createdAt': '2024-01-15'}
2025-12-18 00:56:00,915 - INFO - Product updated successfully
2025-12-18 00:56:00,920 - INFO - Product deleted successfully
2025-12-18 00:56:05,602 - INFO - Product created successfully
2025-12-18 00:56:05,605 - INFO - Product retrieved successfully: {'name': 'Pamela Munoz', 'price': 11.0, 'category': 'Baby Wear', 'stock': 18107, 'description': 'Daughter walk gun whether area sell task.', 'imageUrl': None, 'isActive': True, 'tags': [], 'rating': 0.0, 'id': 45, 'createdAt': '2024-01-15'}
2025-12-18 00:56:05,613 - INFO - Product updated successfully
2025-12-18 00:56:05,618 - INFO - Product deleted successfully
2025-12-18 00:56:08,990 - INFO - Product created successfully
2025-12-18 00:56:08,993 - INFO - Product retrieved successfully: {'name': 'Daniel Cunningham', 'price': 11.0, 'category': 'Accessories', 'stock': 15812, 'description': 'Know travel management field.', 'imageUrl': None, 'isActive': True, 'tags': [], 'rating': 0.0, 'id': 48, 'createdAt': '2024-01-15'}
2025-12-18 00:56:09,000 - INFO - Product updated successfully
2025-12-18 00:56:09,006 - INFO - Product deleted successfully
2025-12-18 00:56:14,488 - INFO - Product created successfully
2025-12-18 00:56:14,491 - INFO - Product retrieved successfully: {'name': 'Marc Burns DDS', 'price': 94.0, 'category': 'Accessories', 'stock': 95581, 'description': 'Line very every herself. Left soon rather kind provide see.', 'imageUrl': None, 'isActive': True, 'tags': [], 'rating': 0.0, 'id': 51, 'createdAt': '2024-01-15'}
2025-12-18 00:56:14,499 - INFO - Product updated successfully
2025-12-18 00:56:14,505 - INFO - Product deleted successfully
