2025-12-12 21:41:02,980 - INFO - Product by ID retrieved successfully
2025-12-12 21:41:09,178 - INFO - Products retrieved successfully
2025-12-12 21:41:09,186 - INFO - Product Schema verified successfully
2025-12-12 21:41:27,115 - INFO - Product created successfully
2025-12-12 21:41:48,937 - INFO - Product updated successfully
2025-12-12 21:42:23,304 - INFO - Product deleted successfully
2025-12-12 21:42:35,620 - INFO - Product deleted successfully
2025-12-13 19:30:02,548 - INFO - Products retrieved successfully
2025-12-13 19:30:02,556 - INFO - Product Schema verified successfully
2025-12-13 19:30:02,579 - INFO - Product created successfully
2025-12-13 19:30:02,590 - INFO - Product updated successfully
2025-12-13 19:30:02,601 - INFO - Product deleted successfully
2025-12-13 19:31:07,998 - INFO - Products retrieved successfully
2025-12-13 19:31:08,005 - INFO - Product Schema verified successfully
2025-12-13 19:31:08,031 - INFO - Product created successfully
2025-12-13 19:31:08,044 - INFO - Product updated successfully
2025-12-13 19:31:08,056 - INFO - Product deleted successfully
2025-12-13 19:31:27,781 - INFO - Product by ID retrieved successfully
2025-12-13 19:33:22,450 - INFO - Products retrieved successfully
2025-12-13 19:33:22,457 - INFO - Product Schema verified successfully
2025-12-13 19:33:22,465 - INFO - Product by ID retrieved successfully
2025-12-13 19:33:22,478 - INFO - Product created successfully
2025-12-13 19:33:22,493 - INFO - Product updated successfully
2025-12-13 19:33:22,503 - INFO - Product deleted successfully
2025-12-13 19:33:33,042 - INFO - Products retrieved successfully
2025-12-13 19:33:33,046 - INFO - Product Schema verified successfully
2025-12-13 19:33:33,052 - INFO - Product by ID retrieved successfully
2025-12-13 19:33:33,067 - INFO - Product created successfully
2025-12-13 19:33:33,078 - INFO - Product updated successfully
2025-12-13 19:33:33,087 - INFO - Product deleted successfully
2025-12-13 19:33:38,138 - INFO - Products retrieved successfully
2025-12-13 19:33:38,142 - INFO - Product Schema verified successfully
2025-12-13 19:33:38,149 - INFO - Product by ID retrieved successfully
2025-12-13 19:33:38,162 - INFO - Product created successfully
2025-12-13 19:33:38,173 - INFO - Product updated successfully
2025-12-13 19:33:38,182 - INFO - Product deleted successfully
2025-12-13 21:25:30,058 - INFO - Products retrieved successfully
2025-12-13 21:25:30,067 - INFO - Product Schema verified successfully
2025-12-13 21:25:30,077 - INFO - Product by ID retrieved successfully
2025-12-13 21:25:30,097 - INFO - Product created successfully
2025-12-13 21:25:30,114 - INFO - Product updated successfully
2025-12-13 21:25:30,128 - INFO - Product deleted successfully
2025-12-13 21:30:47,795 - INFO - Products retrieved successfully
2025-12-13 21:30:47,802 - INFO - Product Schema verified successfully
2025-12-13 21:30:47,813 - INFO - Product by ID retrieved successfully
2025-12-13 21:30:47,830 - INFO - Product created successfully
2025-12-13 21:30:47,845 - INFO - Product updated successfully
2025-12-13 21:30:47,860 - INFO - Product deleted successfully
2025-12-13 21:47:57,578 - INFO - Products retrieved successfully
2025-12-13 21:47:57,594 - INFO - Product Schema verified successfully
2025-12-13 21:47:57,607 - INFO - Product by ID retrieved successfully
2025-12-13 21:47:57,626 - INFO - Product created successfully
2025-12-13 21:47:57,639 - INFO - Product updated successfully
2025-12-13 21:47:57,653 - INFO - Product deleted successfully
2025-12-13 22:11:48,948 - INFO - Products retrieved successfully
2025-12-13 22:11:48,958 - INFO - Product Schema verified successfully
2025-12-13 22:11:48,965 - INFO - Product by ID retrieved successfully
2025-12-13 22:11:48,978 - INFO - Product created successfully
2025-12-13 22:11:48,991 - INFO - Product updated successfully
2025-12-13 22:11:49,000 - INFO - Product deleted successfully
2025-12-13 22:15:12,592 - INFO - Products retrieved successfully
2025-12-13 22:15:12,597 - INFO - Product Schema verified successfully
2025-12-13 22:15:12,604 - INFO - Product by ID retrieved successfully
2025-12-13 22:15:12,618 - INFO - Product created successfully
2025-12-13 22:15:12,630 - INFO - Product updated successfully
2025-12-13 22:15:12,642 - INFO - Product deleted successfully
2025-12-13 22:23:38,546 - INFO - Products retrieved successfully
2025-12-13 22:23:38,552 - INFO - Product Schema verified successfully
2025-12-13 22:23:38,560 - INFO - Product by ID retrieved successfully
2025-12-13 22:23:38,572 - INFO - Product created successfully
2025-12-13 22:23:38,582 - INFO - Product updated successfully
2025-12-13 22:23:38,592 - INFO - Product deleted successfully
2025-12-13 23:28:48,152 - INFO - Products retrieved successfully
2025-12-13 23:28:48,165 - INFO - Product Schema verified successfully
2025-12-13 23:28:48,175 - INFO - Product by ID retrieved successfully
2025-12-13 23:28:48,197 - INFO - Product created successfully
2025-12-13 23:28:48,213 - INFO - Product updated successfully
2025-12-13 23:28:48,226 - INFO - Product deleted successfully
2025-12-14 00:52:20,509 - INFO - Products retrieved successfully
2025-12-14 00:52:20,515 - INFO - Product Schema verified successfully
2025-12-14 00:52:20,525 - INFO - Product by ID retrieved successfully
2025-12-14 00:52:20,543 - INFO - Product created successfully
2025-12-14 00:52:20,558 - INFO - Product updated successfully
2025-12-14 00:52:20,573 - INFO - Product deleted successfully
2025-12-14 01:12:10,958 - INFO - Products retrieved successfully
2025-12-14 01:12:10,963 - INFO - Product Schema verified successfully
2025-12-14 01:12:10,971 - INFO - Product by ID retrieved successfully
2025-12-14 01:12:10,983 - INFO - Product created successfully
2025-12-14 01:12:10,993 - INFO - Product updated successfully
2025-12-14 01:12:11,002 - INFO - Product deleted successfully
2025-12-14 01:13:00,293 - INFO - Products retrieved successfully
2025-12-14 01:13:00,299 - INFO - Product Schema verified successfully
2025-12-14 01:13:00,309 - INFO - Product by ID retrieved successfully
2025-12-14 01:13:00,324 - INFO - Product created successfully
2025-12-14 01:13:00,336 - INFO - Product updated successfully
2025-12-14 01:13:00,346 - INFO - Product deleted successfully
2025-12-14 01:13:07,070 - INFO - Products retrieved successfully
2025-12-14 01:13:07,076 - INFO - Product Schema verified successfully
2025-12-14 01:13:07,083 - INFO - Product by ID retrieved successfully
2025-12-14 01:13:07,095 - INFO - Product created successfully
2025-12-14 01:13:07,108 - INFO - Product updated successfully
2025-12-14 01:13:07,119 - INFO - Product deleted successfully
2025-12-14 01:19:55,580 - INFO - Products retrieved successfully
2025-12-14 01:19:55,587 - INFO - Product Schema verified successfully
2025-12-14 01:19:55,596 - INFO - Product by ID retrieved successfully
2025-12-14 01:19:55,609 - INFO - Product created successfully
2025-12-14 01:19:55,620 - INFO - Product updated successfully
2025-12-14 01:19:55,631 - INFO - Product deleted successfully
2025-12-14 01:20:00,475 - INFO - Products retrieved successfully
2025-12-14 01:20:00,481 - INFO - Product Schema verified successfully
2025-12-14 01:20:00,488 - INFO - Product by ID retrieved successfully
2025-12-14 01:20:00,502 - INFO - Product created successfully
2025-12-14 01:20:00,513 - INFO - Product updated successfully
2025-12-14 01:20:00,523 - INFO - Product deleted successfully
2025-12-14 01:20:04,704 - INFO - Products retrieved successfully
2025-12-14 01:20:04,710 - INFO - Product Schema verified successfully
2025-12-14 01:20:04,718 - INFO - Product by ID retrieved successfully
2025-12-14 01:20:04,730 - INFO - Product created successfully
2025-12-14 01:20:04,741 - INFO - Product updated successfully
2025-12-14 01:20:04,751 - INFO - Product deleted successfully
2025-12-14 01:20:15,722 - INFO - Products retrieved successfully
2025-12-14 01:20:15,727 - INFO - Product Schema verified successfully
2025-12-14 01:20:15,734 - INFO - Product by ID retrieved successfully
2025-12-14 01:20:15,747 - INFO - Product created successfully
2025-12-14 01:20:15,758 - INFO - Product updated successfully
2025-12-14 01:20:15,769 - INFO - Product deleted successfully
2025-12-14 01:20:32,170 - INFO - Products retrieved successfully
2025-12-14 01:20:32,177 - INFO - Product Schema verified successfully
2025-12-14 01:20:32,188 - INFO - Product by ID retrieved successfully
2025-12-14 01:20:32,206 - INFO - Product created successfully
2025-12-14 01:20:32,221 - INFO - Product updated successfully
2025-12-14 01:20:32,235 - INFO - Product deleted successfully
2025-12-14 01:29:50,501 - INFO - Products retrieved successfully
2025-12-14 01:29:50,508 - INFO - Product Schema verified successfully
2025-12-14 01:29:50,517 - INFO - Product by ID retrieved successfully
2025-12-14 01:29:50,535 - INFO - Product created successfully
2025-12-14 01:29:50,550 - INFO - Product updated successfully
2025-12-14 01:29:50,562 - INFO - Product deleted successfully
2025-12-14 01:39:58,884 - INFO - Products retrieved successfully
2025-12-14 01:39:58,891 - INFO - Product Schema verified successfully
2025-12-14 01:39:58,901 - INFO - Product by ID retrieved successfully
2025-12-14 01:39:58,919 - INFO - Product created successfully
2025-12-14 01:39:58,934 - INFO - Product updated successfully
2025-12-14 01:39:58,947 - INFO - Product deleted successfully
